<?xml version="1.0" encoding="UTF-8"?>
<!-- Generated by org.testng.reporters.JUnitXMLReporter -->
<testsuite hostname="BNG997C5M2" ignored="0" name="EndPointsTest" tests="7" failures="1" timestamp="05 Oct 2018 16:28:52 GMT" time="10.402" errors="0">
  <testcase name="InfoService" time="3.254" classname="com.test.api.testcases.WeatherInfoServiceTests"/>
  <testcase name="InfoService" time="1.065" classname="com.test.api.testcases.WeatherInfoServiceTests"/>
  <testcase name="InfoService" time="0.893" classname="com.test.api.testcases.WeatherInfoServiceTests"/>
  <testcase name="InfoService" time="0.879" classname="com.test.api.testcases.WeatherInfoServiceTests"/>
  <testcase name="InfoService" time="1.394" classname="com.test.api.testcases.WeatherInfoServiceTests"/>
  <testcase name="InfoService" time="0.42" classname="com.test.api.testcases.WeatherInfoServiceTests">
    <failure type="java.lang.AssertionError">
      <![CDATA[java.lang.AssertionError
	at com.test.api.testcases.WeatherInfoServiceTests.InfoService(WeatherInfoServiceTests.java:66)
... Removed 25 stack frames]]>
    </failure>
  </testcase> <!-- InfoService -->
  <testcase name="InfoService" time="1.189" classname="com.test.api.testcases.WeatherInfoServiceTests"/>
</testsuite> <!-- EndPointsTest -->
